[INFO] Scanning for projects...
[INFO] 
[INFO] ---------------< com.ibm.fhir.cdm:ig-common-data-model >----------------
[INFO] Building ig-common-data-model 0.1.1-SNAPSHOT
[INFO] --------------------------------[ jar ]---------------------------------
[INFO] 
[INFO] --- maven-clean-plugin:2.5:clean (default-clean) @ ig-common-data-model ---
[INFO] Deleting /Users/stuartcoxus.ibm.com/github.com/coxstuart/alvearie-fhir-ig/target
[INFO] 
[INFO] --- maven-resources-plugin:2.6:resources (default-resources) @ ig-common-data-model ---
[WARNING] Using platform encoding (UTF-8 actually) to copy filtered resources, i.e. build is platform dependent!
[INFO] Copying 545 resources
[INFO] 
[INFO] --- maven-compiler-plugin:3.1:compile (default-compile) @ ig-common-data-model ---
[INFO] Changes detected - recompiling the module!
[WARNING] File encoding has not been set, using platform encoding UTF-8, i.e. build is platform dependent!
[INFO] Compiling 1 source file to /Users/stuartcoxus.ibm.com/github.com/coxstuart/alvearie-fhir-ig/target/classes
[INFO] 
[INFO] --- maven-resources-plugin:2.6:testResources (default-testResources) @ ig-common-data-model ---
[WARNING] Using platform encoding (UTF-8 actually) to copy filtered resources, i.e. build is platform dependent!
[INFO] skip non existing resourceDirectory /Users/stuartcoxus.ibm.com/github.com/coxstuart/alvearie-fhir-ig/src/test/resources
[INFO] 
[INFO] --- maven-compiler-plugin:3.1:testCompile (default-testCompile) @ ig-common-data-model ---
[INFO] Changes detected - recompiling the module!
[WARNING] File encoding has not been set, using platform encoding UTF-8, i.e. build is platform dependent!
[INFO] Compiling 1 source file to /Users/stuartcoxus.ibm.com/github.com/coxstuart/alvearie-fhir-ig/target/test-classes
[INFO] 
[INFO] --- maven-surefire-plugin:2.12.4:test (default-test) @ ig-common-data-model ---
[INFO] Surefire report directory: /Users/stuartcoxus.ibm.com/github.com/coxstuart/alvearie-fhir-ig/target/surefire-reports

-------------------------------------------------------
 T E S T S
-------------------------------------------------------
OpenJDK 64-Bit Server VM warning: Ignoring option MaxPermSize; support was removed in 8.0
Running com.ibm.fhir.ig.cdm.ConstraintGeneratorTest

Results :

Tests run: 0, Failures: 0, Errors: 0, Skipped: 0

[INFO] ------------------------------------------------------------------------
[INFO] BUILD FAILURE
[INFO] ------------------------------------------------------------------------
[INFO] Total time:  3.326 s
[INFO] Finished at: 2021-07-01T10:31:54-05:00
[INFO] ------------------------------------------------------------------------
[ERROR] Failed to execute goal org.apache.maven.plugins:maven-surefire-plugin:2.12.4:test (default-test) on project ig-common-data-model: Execution default-test of goal org.apache.maven.plugins:maven-surefire-plugin:2.12.4:test failed: The forked VM terminated without saying properly goodbye. VM crash or System.exit called ? -> [Help 1]
[ERROR] 
[ERROR] To see the full stack trace of the errors, re-run Maven with the -e switch.
[ERROR] Re-run Maven using the -X switch to enable full debug logging.
[ERROR] 
[ERROR] For more information about the errors and possible solutions, please read the following articles:
[ERROR] [Help 1] http://cwiki.apache.org/confluence/display/MAVEN/PluginExecutionException
